<?xml version="1.0" encoding="UTF-8"?>
<!-- Generated by org.testng.reporters.JUnitReportReporter -->
<testsuite hostname="DESKTOP-SCQOUNC" failures="0" tests="4" name="com.clearcode.testsuite.TestSuite1" time="101.347" errors="0" timestamp="2020-06-18T17:48:02 IST" skipped="0">
  <testcase classname="com.clearcode.testsuite.TestSuite1" name="addProduct" time="26.198"/>
  <testcase classname="com.clearcode.testsuite.TestSuite1" name="addProduct" time="24.171"/>
  <testcase classname="com.clearcode.testsuite.TestSuite1" name="addProduct" time="23.115"/>
  <testcase classname="com.clearcode.testsuite.TestSuite1" name="addProduct" time="27.863"/>
</testsuite> <!-- com.clearcode.testsuite.TestSuite1 -->
